<?xml version="1.0" encoding="UTF-8"?>
<!-- Generated by org.testng.reporters.JUnitReportReporter -->
<testsuite hostname="LAPTOP-PJ7L08O1" failures="3" tests="6" name="features.SearchForItemTestRunner" time="170.530" errors="0" timestamp="02 May 2023 02:11:42 GMT" skipped="0">
  <testcase classname="features.SearchForItemTestRunner" name="runScenario" time="36.839">
    <failure message="The following asserts failed:
	Final Breadcrumb assertion failed: Expected &#039;faucet parts&#039;, but found &#039;faucet &amp; sink parts&#039;. 
Scenario Parameters: 
item: Faucet Parts
 expected [true] but found [false]" type="java.lang.AssertionError">
      <![CDATA[java.lang.AssertionError: The following asserts failed:
Final Breadcrumb assertion failed: Expected 'faucet parts', but found 'faucet & sink parts'. 
Scenario Parameters: 
item: Faucet Parts
 expected [true] but found [false]
at org.testng.asserts.SoftAssert.assertAll(SoftAssert.java:43)
at StepDefinitions.ItemSearchSteps.product_details_page_corresponding_with_selected_entry_is_displayed(ItemSearchSteps.java:266)
at ✽.Product details Page Corresponding with selected entry is displayed(file:///C:/Users/lordr/AppiumWorkspace/AmazonFramework/Automation/src/test/java/features/SearchForItem.feature:10)
]]>
    </failure>
  </testcase> <!-- runScenario -->
  <testcase classname="features.SearchForItemTestRunner" name="runScenario" time="45.987">
    <failure message="The following asserts failed:
	Selected Title assertion failed: Expected &#039;1/4&quot; 009qt rpz (bronze)&#039;, but found &#039;1/4&quot; bronze rpz (009qt)&#039;. 
Scenario Parameters: 
item: Backflow
 expected [true] but found [false]" type="java.lang.AssertionError">
      <![CDATA[java.lang.AssertionError: The following asserts failed:
Selected Title assertion failed: Expected '1/4" 009qt rpz (bronze)', but found '1/4" bronze rpz (009qt)'. 
Scenario Parameters: 
item: Backflow
 expected [true] but found [false]
at org.testng.asserts.SoftAssert.assertAll(SoftAssert.java:43)
at StepDefinitions.ItemSearchSteps.product_details_page_corresponding_with_selected_entry_is_displayed(ItemSearchSteps.java:266)
at ✽.Product details Page Corresponding with selected entry is displayed(file:///C:/Users/lordr/AppiumWorkspace/AmazonFramework/Automation/src/test/java/features/SearchForItem.feature:10)
]]>
    </failure>
  </testcase> <!-- runScenario -->
  <testcase classname="features.SearchForItemTestRunner" name="runScenario" time="18.356">
    <failure message="The following asserts failed:
	Page Title assertion failed: Expected &#039;drains&#039;, but found &#039;plumbing drainage&#039;. 
Scenario Parameters: 
item: Drains
 expected [true] but found [false]" type="java.lang.AssertionError">
      <![CDATA[java.lang.AssertionError: The following asserts failed:
Page Title assertion failed: Expected 'drains', but found 'plumbing drainage'. 
Scenario Parameters: 
item: Drains
 expected [true] but found [false]
at org.testng.asserts.SoftAssert.assertAll(SoftAssert.java:43)
at StepDefinitions.ItemSearchSteps.product_details_page_corresponding_with_selected_entry_is_displayed(ItemSearchSteps.java:266)
at ✽.Product details Page Corresponding with selected entry is displayed(file:///C:/Users/lordr/AppiumWorkspace/AmazonFramework/Automation/src/test/java/features/SearchForItem.feature:10)
]]>
    </failure>
  </testcase> <!-- runScenario -->
  <testcase classname="features.SearchForItemTestRunner" name="runScenario" time="28.831"/>
  <testcase classname="features.SearchForItemTestRunner" name="runScenario" time="22.230"/>
  <testcase classname="features.SearchForItemTestRunner" name="runScenario" time="18.287"/>
</testsuite> <!-- features.SearchForItemTestRunner -->
