<?xml version="1.0" encoding="UTF-8"?>
<!-- Generated by org.testng.reporters.JUnitReportReporter -->
<testsuite hostname="LAPTOP-PJ7L08O1" failures="1" tests="1" name="features.TestNGTestRunner" time="48.120" errors="0" timestamp="17 Apr 2023 23:05:31 GMT" skipped="0">
  <testcase classname="features.TestNGTestRunner" name="runScenario" time="48.120">
    <failure message="The following asserts failed:
	Final Breadcrumb assertion failed: Expected &#039;faucet parts&#039;, but found &#039;faucet &amp; sink parts&#039;. 
Scenario Parameters: 
item: Faucet Parts
 expected [true] but found [false]" type="java.lang.AssertionError">
      <![CDATA[java.lang.AssertionError: The following asserts failed:
Final Breadcrumb assertion failed: Expected 'faucet parts', but found 'faucet & sink parts'. 
Scenario Parameters: 
item: Faucet Parts
 expected [true] but found [false]
at org.testng.asserts.SoftAssert.assertAll(SoftAssert.java:43)
at StepDefinitions.ItemSearchSteps.product_details_page_corresponding_with_selected_entry_is_displayed(ItemSearchSteps.java:114)
at âœ½.Product details Page Corresponding with selected entry is displayed(file:///C:/Users/lordr/AppiumWorkspace/AmazonFramework/Automation/src/test/java/features/SearchForItem.feature:10)
]]>
    </failure>
  </testcase> <!-- runScenario -->
</testsuite> <!-- features.TestNGTestRunner -->
