<?xml version="1.0" encoding="UTF-8"?>
<!-- Generated by org.testng.reporters.JUnitReportReporter -->
<testsuite hostname="LAPTOP-PJ7L08O1" failures="4" tests="9" name="features.TestNGTestRunner" time="224.332" errors="0" timestamp="02 May 2023 04:26:42 GMT" skipped="0">
  <testcase classname="features.TestNGTestRunner" name="runScenario" time="14.521"/>
  <testcase classname="features.TestNGTestRunner" name="runScenario" time="20.863">
    <failure message="The following asserts failed:
	Selected Title assertion failed: Expected &#039;electronic air cleaner 20&quot; x 25&quot;&#039;, but found &#039;electronic air cleaner, 20x25&#039;. 
Scenario Parameters: 
subCategory: Air Cleaners
navbarCategory: HVAC
 expected [true] but found [false]" type="java.lang.AssertionError">
      <![CDATA[java.lang.AssertionError: The following asserts failed:
Selected Title assertion failed: Expected 'electronic air cleaner 20" x 25"', but found 'electronic air cleaner, 20x25'. 
Scenario Parameters: 
subCategory: Air Cleaners
navbarCategory: HVAC
 expected [true] but found [false]
at org.testng.asserts.SoftAssert.assertAll(SoftAssert.java:43)
at StepDefinitions.ItemSearchSteps.product_details_page_corresponding_with_selected_entry_is_displayed(ItemSearchSteps.java:266)
at ✽.Product details Page Corresponding with selected entry is displayed(file:///C:/Users/lordr/AppiumWorkspace/AmazonFramework/Automation/src/test/java/features/CategoryNavBar.feature:10)
]]>
    </failure>
  </testcase> <!-- runScenario -->
  <testcase classname="features.TestNGTestRunner" name="runScenario" time="34.630"/>
  <testcase classname="features.TestNGTestRunner" name="runScenario" time="26.001">
    <failure message="The following asserts failed:
	Selected Title assertion failed: Expected &#039;1/4&quot; 009qt rpz (bronze)&#039;, but found &#039;1/4&quot; bronze rpz (009qt)&#039;. 
Scenario Parameters: 
item: Backflow
 expected [true] but found [false]" type="java.lang.AssertionError">
      <![CDATA[java.lang.AssertionError: The following asserts failed:
Selected Title assertion failed: Expected '1/4" 009qt rpz (bronze)', but found '1/4" bronze rpz (009qt)'. 
Scenario Parameters: 
item: Backflow
 expected [true] but found [false]
at org.testng.asserts.SoftAssert.assertAll(SoftAssert.java:43)
at StepDefinitions.ItemSearchSteps.product_details_page_corresponding_with_selected_entry_is_displayed(ItemSearchSteps.java:266)
at ✽.Product details Page Corresponding with selected entry is displayed(file:///C:/Users/lordr/AppiumWorkspace/AmazonFramework/Automation/src/test/java/features/SearchForItem.feature:10)
]]>
    </failure>
  </testcase> <!-- runScenario -->
  <testcase classname="features.TestNGTestRunner" name="runScenario" time="32.560"/>
  <testcase classname="features.TestNGTestRunner" name="runScenario" time="35.711">
    <failure message="The following asserts failed:
	Page Title assertion failed: Expected &#039;drains&#039;, but found &#039;plumbing drainage&#039;. 
Scenario Parameters: 
item: Drains
 expected [true] but found [false]" type="java.lang.AssertionError">
      <![CDATA[java.lang.AssertionError: The following asserts failed:
Page Title assertion failed: Expected 'drains', but found 'plumbing drainage'. 
Scenario Parameters: 
item: Drains
 expected [true] but found [false]
at org.testng.asserts.SoftAssert.assertAll(SoftAssert.java:43)
at StepDefinitions.ItemSearchSteps.product_details_page_corresponding_with_selected_entry_is_displayed(ItemSearchSteps.java:266)
at ✽.Product details Page Corresponding with selected entry is displayed(file:///C:/Users/lordr/AppiumWorkspace/AmazonFramework/Automation/src/test/java/features/SearchForItem.feature:10)
]]>
    </failure>
  </testcase> <!-- runScenario -->
  <testcase classname="features.TestNGTestRunner" name="runScenario" time="14.709"/>
  <testcase classname="features.TestNGTestRunner" name="runScenario" time="30.630">
    <failure message="Specifications not reflected in search results: 
 Scenario Parameters: 
reviewScore: null
application: null
material: null
size: null
inStockOnly: true
priceRange: $2000 to $2500
productType: Pump
 expected [true] but found [false]" type="java.lang.AssertionError">
      <![CDATA[java.lang.AssertionError: Specifications not reflected in search results: 
 Scenario Parameters: 
reviewScore: null
application: null
material: null
size: null
inStockOnly: true
priceRange: $2000 to $2500
productType: Pump
 expected [true] but found [false]
at org.testng.Assert.fail(Assert.java:96)
at org.testng.Assert.failNotEquals(Assert.java:776)
at org.testng.Assert.assertTrue(Assert.java:44)
at StepDefinitions.ItemSearchSteps.productDetailsPageIsDisplayed(ItemSearchSteps.java:119)
at ✽.Products with specifications are displayed(file:///C:/Users/lordr/AppiumWorkspace/AmazonFramework/Automation/src/test/java/features/BrandSelectWIthSpecificationsAdded.feature:11)
]]>
    </failure>
  </testcase> <!-- runScenario -->
  <testcase classname="features.TestNGTestRunner" name="runScenario" time="14.707"/>
</testsuite> <!-- features.TestNGTestRunner -->
