<?xml version="1.0" encoding="UTF-8"?>
<!-- Generated by org.testng.reporters.JUnitReportReporter -->
<testsuite hostname="LAPTOP-PJ7L08O1" failures="3" tests="9" name="features.TestNGTestRunner" time="184.959" errors="0" timestamp="22 Apr 2023 03:10:32 GMT" skipped="0">
  <testcase classname="features.TestNGTestRunner" name="runScenario" time="17.796"/>
  <testcase classname="features.TestNGTestRunner" name="runScenario" time="18.372"/>
  <testcase classname="features.TestNGTestRunner" name="runScenario" time="19.470"/>
  <testcase classname="features.TestNGTestRunner" name="runScenario" time="29.037"/>
  <testcase classname="features.TestNGTestRunner" name="runScenario" time="25.749">
    <failure message="The following asserts failed:
	Selected Title assertion failed: Expected &#039;1/4&quot; 009qt rpz (bronze)&#039;, but found &#039;1/4&quot; bronze rpz (009qt)&#039;. 
Scenario Parameters: 
item: Backflow
 expected [true] but found [false]" type="java.lang.AssertionError">
      <![CDATA[java.lang.AssertionError: The following asserts failed:
Selected Title assertion failed: Expected '1/4" 009qt rpz (bronze)', but found '1/4" bronze rpz (009qt)'. 
Scenario Parameters: 
item: Backflow
 expected [true] but found [false]
at org.testng.asserts.SoftAssert.assertAll(SoftAssert.java:43)
at StepDefinitions.ItemSearchSteps.product_details_page_corresponding_with_selected_entry_is_displayed(ItemSearchSteps.java:137)
at ✽.Product details Page Corresponding with selected entry is displayed(file:///C:/Users/lordr/AppiumWorkspace/AmazonFramework/Automation/src/test/java/features/SearchForItem.feature:10)
]]>
    </failure>
  </testcase> <!-- runScenario -->
  <testcase classname="features.TestNGTestRunner" name="runScenario" time="19.923">
    <failure message="The following asserts failed:
	Page Title assertion failed: Expected &#039;drains&#039;, but found &#039;plumbing drainage&#039;. 
Scenario Parameters: 
item: Drains
 expected [true] but found [false]" type="java.lang.AssertionError">
      <![CDATA[java.lang.AssertionError: The following asserts failed:
Page Title assertion failed: Expected 'drains', but found 'plumbing drainage'. 
Scenario Parameters: 
item: Drains
 expected [true] but found [false]
at org.testng.asserts.SoftAssert.assertAll(SoftAssert.java:43)
at StepDefinitions.ItemSearchSteps.product_details_page_corresponding_with_selected_entry_is_displayed(ItemSearchSteps.java:137)
at ✽.Product details Page Corresponding with selected entry is displayed(file:///C:/Users/lordr/AppiumWorkspace/AmazonFramework/Automation/src/test/java/features/SearchForItem.feature:10)
]]>
    </failure>
  </testcase> <!-- runScenario -->
  <testcase classname="features.TestNGTestRunner" name="runScenario" time="20.750">
    <failure message="The following asserts failed:
	Selected Title assertion failed: Expected &#039;t304 1/4&quot; stainless steel 90° elbow&#039;, but found &#039;t304 1/4&quot; stainless steel 90-degree elbow&#039;. 
Scenario Parameters: 
subCategory: Stainless Steel
navbarCategory: Fittings
 expected [true] but found [false]" type="java.lang.AssertionError">
      <![CDATA[java.lang.AssertionError: The following asserts failed:
Selected Title assertion failed: Expected 't304 1/4" stainless steel 90° elbow', but found 't304 1/4" stainless steel 90-degree elbow'. 
Scenario Parameters: 
subCategory: Stainless Steel
navbarCategory: Fittings
 expected [true] but found [false]
at org.testng.asserts.SoftAssert.assertAll(SoftAssert.java:43)
at StepDefinitions.ItemSearchSteps.product_details_page_corresponding_with_selected_entry_is_displayed(ItemSearchSteps.java:137)
at ✽.Product details Page Corresponding with selected entry is displayed(file:///C:/Users/lordr/AppiumWorkspace/AmazonFramework/Automation/src/test/java/features/CategoryNavBar.feature:10)
]]>
    </failure>
  </testcase> <!-- runScenario -->
  <testcase classname="features.TestNGTestRunner" name="runScenario" time="7.426"/>
  <testcase classname="features.TestNGTestRunner" name="runScenario" time="26.436"/>
</testsuite> <!-- features.TestNGTestRunner -->
