<?xml version="1.0" encoding="UTF-8"?>
<!-- Generated by org.testng.reporters.JUnitReportReporter -->
<testsuite hostname="LAPTOP-PJ7L08O1" failures="0" tests="2" name="features.TestNGTestRunner" time="49.257" errors="0" timestamp="21 Apr 2023 22:03:08 GMT" skipped="0">
  <testcase classname="features.TestNGTestRunner" name="runScenario" time="28.304"/>
  <testcase classname="features.TestNGTestRunner" name="runScenario" time="20.953"/>
</testsuite> <!-- features.TestNGTestRunner -->
