<?xml version="1.0" encoding="UTF-8"?>
<!-- Generated by org.testng.reporters.JUnitReportReporter -->
<testsuite hostname="LAPTOP-PJ7L08O1" failures="1" tests="9" name="features.TestNGTestRunner" time="349.177" errors="0" timestamp="30 Apr 2023 21:35:24 GMT" skipped="0">
  <testcase classname="features.TestNGTestRunner" name="runScenario" time="85.806"/>
  <testcase classname="features.TestNGTestRunner" name="runScenario" time="18.702"/>
  <testcase classname="features.TestNGTestRunner" name="runScenario" time="33.974"/>
  <testcase classname="features.TestNGTestRunner" name="runScenario" time="18.205"/>
  <testcase classname="features.TestNGTestRunner" name="runScenario" time="26.030"/>
  <testcase classname="features.TestNGTestRunner" name="runScenario" time="42.060"/>
  <testcase classname="features.TestNGTestRunner" name="runScenario" time="37.206"/>
  <testcase classname="features.TestNGTestRunner" name="runScenario" time="68.312">
    <failure message="The following asserts failed:
	Selected Title assertion failed: Expected &#039;1/4&quot; 009qt rpz (bronze)&#039;, but found &#039;1/4&quot; bronze rpz (009qt)&#039;. 
Scenario Parameters: 
item: Backflow
 expected [true] but found [false]" type="java.lang.AssertionError">
      <![CDATA[java.lang.AssertionError: The following asserts failed:
Selected Title assertion failed: Expected '1/4" 009qt rpz (bronze)', but found '1/4" bronze rpz (009qt)'. 
Scenario Parameters: 
item: Backflow
 expected [true] but found [false]
at org.testng.asserts.SoftAssert.assertAll(SoftAssert.java:43)
at StepDefinitions.ItemSearchSteps.product_details_page_corresponding_with_selected_entry_is_displayed(ItemSearchSteps.java:211)
at âœ½.Product details Page Corresponding with selected entry is displayed(file:///C:/Users/lordr/AppiumWorkspace/AmazonFramework/Automation/src/test/java/features/SearchForItem.feature:10)
]]>
    </failure>
  </testcase> <!-- runScenario -->
  <testcase classname="features.TestNGTestRunner" name="runScenario" time="18.882"/>
</testsuite> <!-- features.TestNGTestRunner -->
