<?xml version="1.0" encoding="UTF-8"?>
<!-- Generated by org.testng.reporters.JUnitReportReporter -->
<testsuite hostname="LAPTOP-PJ7L08O1" failures="0" tests="1" name="features.TestNGTestRunner" time="16.668" errors="0" timestamp="28 Apr 2023 06:08:50 GMT" skipped="0">
  <testcase classname="features.TestNGTestRunner" name="runScenario" time="16.668"/>
</testsuite> <!-- features.TestNGTestRunner -->
