<?xml version="1.0" encoding="UTF-8"?>
<!-- Generated by org.testng.reporters.JUnitReportReporter -->
<testsuite hostname="LAPTOP-PJ7L08O1" failures="0" tests="1" name="features.TestNGTestRunner" time="38.280" errors="0" timestamp="12 Mar 2023 04:06:29 GMT" skipped="0">
  <testcase classname="features.TestNGTestRunner" name="runScenario" time="38.280"/>
</testsuite> <!-- features.TestNGTestRunner -->
